# JRE version: OpenJDK Runtime Environment (17.0.11) (build 17.0.11+0--11852314)
# Java VM: OpenJDK 64-Bit Server VM (17.0.11+0--11852314, mixed mode, tiered, compressed oops, compressed class ptrs, g1 gc, windows-amd64)
GC Precious Log:
 CPUs: 12 total, 12 available
 Memory: 7583M
 Large Page Support: Disabled
 NUMA Support: Disabled
 Compressed Oops: Enabled (32-bit)
 Heap Region Size: 1M
 Heap Min Capacity: 8M
 Heap Initial Capacity: 120M
 Heap Max Capacity: 2G
 Pre-touch: Disabled
 Parallel Workers: 10
 Concurrent Workers: 3
 Concurrent Refinement Workers: 10
 Periodic GC: Disabled
Heap:
 garbage-first heap   total 311296K, used 264639K [0x0000000080000000, 0x0000000100000000)
  region size 1024K, 98 young (100352K), 2 survivors (2048K)
 Metaspace       used 136086K, committed 137344K, reserved 1179648K
  class space    used 19169K, committed 19776K, reserved 1048576K
GC Heap History (20 events):
Event: 600.340 GC heap before
{Heap before GC invocations=78 (full 0):
 garbage-first heap   total 290816K, used 201604K [0x0000000080000000, 0x0000000100000000)
  region size 1024K, 57 young (58368K), 10 survivors (10240K)
 Metaspace       used 133427K, committed 134528K, reserved 1179648K
  class space    used 19077K, committed 19648K, reserved 1048576K
}
Event: 600.398 GC heap after
{Heap after GC invocations=79 (full 0):
 garbage-first heap   total 290816K, used 158590K [0x0000000080000000, 0x0000000100000000)
  region size 1024K, 3 young (3072K), 3 survivors (3072K)
 Metaspace       used 133427K, committed 134528K, reserved 1179648K
  class space    used 19077K, committed 19648K, reserved 1048576K
}
Event: 1156.961 GC heap before
{Heap before GC invocations=80 (full 0):
 garbage-first heap   total 311296K, used 256894K [0x0000000080000000, 0x0000000100000000)
  region size 1024K, 82 young (83968K), 3 survivors (3072K)
 Metaspace       used 133761K, committed 134912K, reserved 1179648K
  class space    used 19084K, committed 19648K, reserved 1048576K
}
Event: 1157.206 GC heap after
{Heap after GC invocations=81 (full 0):
 garbage-first heap   total 311296K, used 163356K [0x0000000080000000, 0x0000000100000000)
  region size 1024K, 9 young (9216K), 9 survivors (9216K)
 Metaspace       used 133761K, committed 134912K, reserved 1179648K
  class space    used 19084K, committed 19648K, reserved 1048576K
}
Event: 1157.591 GC heap before
{Heap before GC invocations=81 (full 0):
 garbage-first heap   total 311296K, used 168476K [0x0000000080000000, 0x0000000100000000)
  region size 1024K, 15 young (15360K), 9 survivors (9216K)
 Metaspace       used 133762K, committed 134912K, reserved 1179648K
  class space    used 19084K, committed 19648K, reserved 1048576K
}
Event: 1157.692 GC heap after
{Heap after GC invocations=82 (full 0):
 garbage-first heap   total 311296K, used 146906K [0x0000000080000000, 0x0000000100000000)
  region size 1024K, 2 young (2048K), 2 survivors (2048K)
 Metaspace       used 133762K, committed 134912K, reserved 1179648K
  class space    used 19084K, committed 19648K, reserved 1048576K
}
Event: 1181.251 GC heap before
{Heap before GC invocations=82 (full 0):
 garbage-first heap   total 311296K, used 253402K [0x0000000080000000, 0x0000000100000000)
  region size 1024K, 107 young (109568K), 2 survivors (2048K)
 Metaspace       used 134542K, committed 135680K, reserved 1179648K
  class space    used 19097K, committed 19648K, reserved 1048576K
}
Event: 1181.298 GC heap after
{Heap after GC invocations=83 (full 0):
 garbage-first heap   total 311296K, used 151692K [0x0000000080000000, 0x0000000100000000)
  region size 1024K, 7 young (7168K), 7 survivors (7168K)
 Metaspace       used 134542K, committed 135680K, reserved 1179648K
  class space    used 19097K, committed 19648K, reserved 1048576K
}
Event: 1279.783 GC heap before
{Heap before GC invocations=84 (full 0):
 garbage-first heap   total 311296K, used 265356K [0x0000000080000000, 0x0000000100000000)
  region size 1024K, 105 young (107520K), 7 survivors (7168K)
 Metaspace       used 134976K, committed 136128K, reserved 1179648K
  class space    used 19113K, committed 19648K, reserved 1048576K
}
Event: 1279.875 GC heap after
{Heap after GC invocations=85 (full 0):
 garbage-first heap   total 311296K, used 154388K [0x0000000080000000, 0x0000000100000000)
  region size 1024K, 14 young (14336K), 14 survivors (14336K)
 Metaspace       used 134976K, committed 136128K, reserved 1179648K
  class space    used 19113K, committed 19648K, reserved 1048576K
}
Event: 1279.900 GC heap before
{Heap before GC invocations=85 (full 0):
 garbage-first heap   total 311296K, used 155412K [0x0000000080000000, 0x0000000100000000)
  region size 1024K, 15 young (15360K), 14 survivors (14336K)
 Metaspace       used 134976K, committed 136128K, reserved 1179648K
  class space    used 19113K, committed 19648K, reserved 1048576K
}
Event: 1280.022 GC heap after
{Heap after GC invocations=86 (full 0):
 garbage-first heap   total 311296K, used 145967K [0x0000000080000000, 0x0000000100000000)
  region size 1024K, 2 young (2048K), 2 survivors (2048K)
 Metaspace       used 134976K, committed 136128K, reserved 1179648K
  class space    used 19113K, committed 19648K, reserved 1048576K
}
Event: 1286.113 GC heap before
{Heap before GC invocations=86 (full 0):
 garbage-first heap   total 311296K, used 203311K [0x0000000080000000, 0x0000000100000000)
  region size 1024K, 60 young (61440K), 2 survivors (2048K)
 Metaspace       used 135243K, committed 136384K, reserved 1179648K
  class space    used 19121K, committed 19648K, reserved 1048576K
}
Event: 1286.125 GC heap after
{Heap after GC invocations=87 (full 0):
 garbage-first heap   total 311296K, used 147172K [0x0000000080000000, 0x0000000100000000)
  region size 1024K, 4 young (4096K), 4 survivors (4096K)
 Metaspace       used 135243K, committed 136384K, reserved 1179648K
  class space    used 19121K, committed 19648K, reserved 1048576K
}
Event: 1391.319 GC heap before
{Heap before GC invocations=88 (full 0):
 garbage-first heap   total 311296K, used 273124K [0x0000000080000000, 0x0000000100000000)
  region size 1024K, 108 young (110592K), 4 survivors (4096K)
 Metaspace       used 135499K, committed 136640K, reserved 1179648K
  class space    used 19121K, committed 19648K, reserved 1048576K
}
Event: 1391.427 GC heap after
{Heap after GC invocations=89 (full 0):
 garbage-first heap   total 311296K, used 156836K [0x0000000080000000, 0x0000000100000000)
  region size 1024K, 13 young (13312K), 13 survivors (13312K)
 Metaspace       used 135499K, committed 136640K, reserved 1179648K
  class space    used 19121K, committed 19648K, reserved 1048576K
}
Event: 1391.759 GC heap before
{Heap before GC invocations=89 (full 0):
 garbage-first heap   total 311296K, used 158884K [0x0000000080000000, 0x0000000100000000)
  region size 1024K, 15 young (15360K), 13 survivors (13312K)
 Metaspace       used 135502K, committed 136640K, reserved 1179648K
  class space    used 19121K, committed 19648K, reserved 1048576K
}
Event: 1391.872 GC heap after
{Heap after GC invocations=90 (full 0):
 garbage-first heap   total 311296K, used 148936K [0x0000000080000000, 0x0000000100000000)
  region size 1024K, 2 young (2048K), 2 survivors (2048K)
 Metaspace       used 135502K, committed 136640K, reserved 1179648K
  class space    used 19121K, committed 19648K, reserved 1048576K
}
Event: 1397.185 GC heap before
{Heap before GC invocations=90 (full 0):
 garbage-first heap   total 311296K, used 181704K [0x0000000080000000, 0x0000000100000000)
  region size 1024K, 36 young (36864K), 2 survivors (2048K)
 Metaspace       used 135670K, committed 136832K, reserved 1179648K
  class space    used 19121K, committed 19648K, reserved 1048576K
}
Event: 1397.199 GC heap after
{Heap after GC invocations=91 (full 0):
 garbage-first heap   total 311296K, used 148927K [0x0000000080000000, 0x0000000100000000)
  region size 1024K, 2 young (2048K), 2 survivors (2048K)
 Metaspace       used 135670K, committed 136832K, reserved 1179648K
  class space    used 19121K, committed 19648K, reserved 1048576K
}

